Base path: 'C:/Program Files/Unity/Hub/Editor/2019.3.1f1/Editor/Data', plugins path 'C:/Program Files/Unity/Hub/Editor/2019.3.1f1/Editor/Data/PlaybackEngines'
Cmd: initializeCompiler
Cmd: preprocessCompute
  insize=6738 outsize=6740 ok=1
Cmd: preprocessCompute
  insize=4901 outsize=4903 ok=1
Cmd: preprocess
  insize=22550 outsize=455 ok=1
Cmd: preprocessCompute
  insize=6919 outsize=6921 ok=1
Cmd: preprocessCompute
  insize=4901 outsize=4903 ok=1
Cmd: preprocess
  insize=22495 outsize=455 ok=1
Cmd: preprocessCompute
  insize=7115 outsize=7117 ok=1
Cmd: compileComputeKernel
  api=4 insize=7117 outsize=2378 ok=1
Cmd: preprocessCompute
  insize=7362 outsize=7364 ok=1
Cmd: compileComputeKernel
  api=4 insize=7364 outsize=2191 ok=1
Cmd: preprocess
  insize=22491 outsize=455 ok=1
Cmd: preprocessCompute
  insize=7115 outsize=7117 ok=1
Cmd: preprocessCompute
  insize=7362 outsize=7364 ok=1
Cmd: preprocess
  insize=22491 outsize=455 ok=1
Cmd: preprocessCompute
  insize=7115 outsize=7117 ok=1
Cmd: preprocessCompute
  insize=7362 outsize=7364 ok=1
Cmd: preprocess
  insize=22491 outsize=455 ok=1
Cmd: preprocessCompute
  insize=7310 outsize=7312 ok=1
Cmd: compileComputeKernel
  api=4 insize=7312 outsize=2406 ok=1
Cmd: preprocessCompute
  insize=8312 outsize=8314 ok=1
Cmd: compileComputeKernel
  api=4 insize=8314 outsize=4233 ok=1
Cmd: preprocess
  insize=22491 outsize=455 ok=1
Cmd: preprocessCompute
  insize=7115 outsize=7117 ok=1
Cmd: preprocessCompute
  insize=7362 outsize=7364 ok=1
Cmd: preprocess
  insize=22491 outsize=455 ok=1
Cmd: preprocessCompute
  insize=7115 outsize=7117 ok=1
Cmd: preprocessCompute
  insize=7362 outsize=7364 ok=1
Cmd: preprocess
  insize=22491 outsize=455 ok=1
Cmd: preprocessCompute
  insize=7115 outsize=7117 ok=1
Cmd: preprocessCompute
  insize=7362 outsize=7364 ok=1
Cmd: preprocess
  insize=22491 outsize=455 ok=1
Cmd: preprocessCompute
  insize=7115 outsize=7117 ok=1
Cmd: preprocessCompute
  insize=7362 outsize=7364 ok=1
Cmd: preprocess
  insize=22491 outsize=455 ok=1
Cmd: preprocessCompute
  insize=7115 outsize=7117 ok=1
Cmd: preprocessCompute
  insize=7362 outsize=7364 ok=1
Cmd: preprocess
  insize=22491 outsize=455 ok=1
Cmd: preprocessCompute
  insize=7115 outsize=7117 ok=1
Cmd: preprocessCompute
  insize=7362 outsize=7364 ok=1
Cmd: preprocess
  insize=22411 outsize=454 ok=1
Cmd: preprocessCompute
  insize=7115 outsize=7117 ok=1
Cmd: preprocessCompute
  insize=7362 outsize=7364 ok=1
Cmd: preprocess
  insize=22491 outsize=455 ok=1
Cmd: preprocessCompute
  insize=7115 outsize=7117 ok=1
Cmd: preprocessCompute
  insize=7362 outsize=7364 ok=1
Cmd: preprocess
  insize=22491 outsize=455 ok=1
Cmd: preprocessCompute
  insize=7115 outsize=7117 ok=1
Cmd: preprocess
  insize=22491 outsize=455 ok=1
Cmd: preprocessCompute
  insize=7362 outsize=7364 ok=1
Cmd: preprocessCompute
  insize=7115 outsize=7117 ok=1
Cmd: preprocessCompute
  insize=7362 outsize=7364 ok=1
Cmd: preprocess
  insize=22491 outsize=455 ok=1
Cmd: preprocessCompute
  insize=7115 outsize=7117 ok=1
Cmd: preprocess
  insize=22491 outsize=455 ok=1
Cmd: preprocessCompute
  insize=7362 outsize=7364 ok=1
Cmd: preprocessCompute
  insize=7115 outsize=7117 ok=1
Cmd: preprocessCompute
  insize=7362 outsize=7364 ok=1
Cmd: preprocess
  insize=22491 outsize=455 ok=1
Cmd: preprocessCompute
  insize=7115 outsize=7117 ok=1
Cmd: preprocess
  insize=22491 outsize=455 ok=1
Cmd: preprocessCompute
  insize=7362 outsize=7364 ok=1
Cmd: preprocessCompute
  insize=7115 outsize=7117 ok=1
Cmd: preprocessCompute
  insize=7362 outsize=7364 ok=1
Cmd: preprocess
  insize=22491 outsize=455 ok=1
Cmd: preprocessCompute
  insize=7115 outsize=7117 ok=1
Cmd: preprocess
  insize=22491 outsize=455 ok=1
Cmd: preprocessCompute
  insize=7362 outsize=7364 ok=1
Cmd: preprocessCompute
  insize=7115 outsize=7117 ok=1
Cmd: preprocessCompute
  insize=7362 outsize=7364 ok=1
Cmd: preprocess
  insize=22491 outsize=455 ok=1
Cmd: preprocessCompute
  insize=7115 outsize=7117 ok=1
Cmd: preprocess
  insize=22491 outsize=455 ok=1
Cmd: preprocessCompute
  insize=7362 outsize=7364 ok=1
Cmd: preprocessCompute
  insize=7115 outsize=7117 ok=1
Cmd: preprocessCompute
  insize=7362 outsize=7364 ok=1
Cmd: preprocess
  insize=22491 outsize=455 ok=1
Cmd: preprocessCompute
  insize=7115 outsize=7117 ok=1
Cmd: preprocess
  insize=22491 outsize=455 ok=1
Cmd: preprocessCompute
  insize=7362 outsize=7364 ok=1
Cmd: preprocessCompute
  insize=7115 outsize=7117 ok=1
Cmd: preprocessCompute
  insize=7362 outsize=7364 ok=1
Cmd: preprocess
  insize=22491 outsize=455 ok=1
Cmd: preprocessCompute
  insize=7115 outsize=7117 ok=1
Cmd: preprocess
  insize=22491 outsize=455 ok=1
Cmd: preprocessCompute
  insize=7362 outsize=7364 ok=1
Cmd: preprocessCompute
  insize=7115 outsize=7117 ok=1
Cmd: preprocessCompute
  insize=7362 outsize=7364 ok=1
Cmd: preprocess
  insize=22491 outsize=455 ok=1
Cmd: preprocessCompute
  insize=7115 outsize=7117 ok=1
Cmd: preprocess
  insize=22491 outsize=455 ok=1
Cmd: preprocessCompute
  insize=7362 outsize=7364 ok=1
Cmd: preprocessCompute
  insize=7115 outsize=7117 ok=1
Cmd: preprocessCompute
  insize=7362 outsize=7364 ok=1
Cmd: preprocess
  insize=22491 outsize=455 ok=1
Cmd: preprocessCompute
  insize=7115 outsize=7117 ok=1
Cmd: preprocess
  insize=22491 outsize=455 ok=1
Cmd: preprocessCompute
  insize=7362 outsize=7364 ok=1
Cmd: preprocessCompute
  insize=7115 outsize=7117 ok=1
Cmd: preprocessCompute
  insize=7362 outsize=7364 ok=1
Cmd: preprocess
  insize=22491 outsize=455 ok=1
Cmd: preprocessCompute
  insize=7115 outsize=7117 ok=1
Cmd: preprocess
  insize=22491 outsize=455 ok=1
Cmd: preprocessCompute
  insize=7362 outsize=7364 ok=1
Cmd: preprocessCompute
  insize=7115 outsize=7117 ok=1
Cmd: preprocessCompute
  insize=7362 outsize=7364 ok=1
Cmd: preprocess
  insize=22491 outsize=455 ok=1
Cmd: preprocessCompute
  insize=7115 outsize=7117 ok=1
Cmd: preprocess
  insize=22491 outsize=455 ok=1
Cmd: preprocessCompute
  insize=7362 outsize=7364 ok=1
Cmd: preprocessCompute
  insize=7115 outsize=7117 ok=1
Cmd: preprocessCompute
  insize=7362 outsize=7364 ok=1
Cmd: preprocess
  insize=22491 outsize=455 ok=1
Cmd: preprocessCompute
  insize=7115 outsize=7117 ok=1
Cmd: preprocess
  insize=22491 outsize=455 ok=1
Cmd: preprocessCompute
  insize=7362 outsize=7364 ok=1
Cmd: preprocessCompute
  insize=7115 outsize=7117 ok=1
Cmd: preprocessCompute
  insize=7362 outsize=7364 ok=1
Cmd: preprocess
  insize=22491 outsize=455 ok=1
Cmd: preprocessCompute
  insize=7115 outsize=7117 ok=1
Cmd: preprocess
  insize=22491 outsize=455 ok=1
Cmd: preprocessCompute
  insize=7362 outsize=7364 ok=1
Cmd: preprocessCompute
  insize=7115 outsize=7117 ok=1
Cmd: preprocessCompute
  insize=7362 outsize=7364 ok=1
Cmd: preprocess
  insize=22491 outsize=455 ok=1
Cmd: preprocessCompute
  insize=7117 outsize=7119 ok=1
Cmd: compileComputeKernel
  api=4 insize=7119 outsize=2378 ok=1
Cmd: preprocessCompute
  insize=7402 outsize=7404 ok=1
Cmd: compileComputeKernel
  api=4 insize=7404 outsize=2297 ok=1
Cmd: preprocess
  insize=22576 outsize=468 ok=1
Cmd: preprocessCompute
  insize=1968 outsize=1970 ok=1
Cmd: compileComputeKernel
  api=4 insize=1970 outsize=1398 ok=1
Cmd: preprocessCompute
  insize=7115 outsize=7117 ok=1
Cmd: preprocessCompute
  insize=7362 outsize=7364 ok=1
Cmd: preprocess
  insize=22491 outsize=455 ok=1
Cmd: preprocessCompute
  insize=7115 outsize=7117 ok=1
Cmd: preprocessCompute
  insize=7362 outsize=7364 ok=1
Cmd: preprocess
  insize=22491 outsize=455 ok=1
Cmd: preprocessCompute
  insize=7115 outsize=7117 ok=1
Cmd: preprocessCompute
  insize=7362 outsize=7364 ok=1
Cmd: preprocess
  insize=22491 outsize=455 ok=1
Cmd: preprocessCompute
  insize=7115 outsize=7117 ok=1
Cmd: preprocessCompute
  insize=7362 outsize=7364 ok=1
Cmd: preprocess
  insize=22491 outsize=455 ok=1
Cmd: preprocessCompute
  insize=7115 outsize=7117 ok=1
Cmd: preprocessCompute
  insize=7362 outsize=7364 ok=1
Cmd: preprocess
  insize=22491 outsize=455 ok=1
Cmd: preprocessCompute
  insize=7115 outsize=7117 ok=1
Cmd: preprocessCompute
  insize=7362 outsize=7364 ok=1
Cmd: preprocess
  insize=22491 outsize=455 ok=1
Cmd: preprocessCompute
  insize=7115 outsize=7117 ok=1
Cmd: preprocessCompute
  insize=7362 outsize=7364 ok=1
Cmd: preprocess
  insize=22491 outsize=455 ok=1
Cmd: preprocessCompute
  insize=7115 outsize=7117 ok=1
Cmd: preprocessCompute
  insize=7362 outsize=7364 ok=1
Cmd: preprocess
  insize=22491 outsize=455 ok=1
Cmd: preprocessCompute
  insize=7115 outsize=7117 ok=1
Cmd: preprocessCompute
  insize=7362 outsize=7364 ok=1
Cmd: preprocess
  insize=22491 outsize=455 ok=1
Cmd: preprocessCompute
  insize=7115 outsize=7117 ok=1
Cmd: preprocessCompute
  insize=7362 outsize=7364 ok=1
Cmd: preprocess
  insize=22491 outsize=455 ok=1
Cmd: preprocessCompute
  insize=7115 outsize=7117 ok=1
Cmd: preprocessCompute
  insize=7362 outsize=7364 ok=1
Cmd: preprocess
  insize=22491 outsize=455 ok=1
Cmd: preprocessCompute
  insize=7115 outsize=7117 ok=1
Cmd: preprocessCompute
  insize=7362 outsize=7364 ok=1
Cmd: preprocess
  insize=22491 outsize=455 ok=1
Cmd: preprocessCompute
  insize=7115 outsize=7117 ok=1
Cmd: preprocessCompute
  insize=7362 outsize=7364 ok=1
Cmd: preprocess
  insize=22491 outsize=455 ok=1
Cmd: preprocessCompute
  insize=7111 outsize=7113 ok=1
Cmd: compileComputeKernel
  api=4 insize=7113 outsize=2378 ok=1
Cmd: preprocessCompute
  insize=7346 outsize=7348 ok=1
Cmd: compileComputeKernel
  api=4 insize=7348 outsize=2191 ok=1
Cmd: preprocess
  insize=22484 outsize=455 ok=1
Cmd: preprocessCompute
  insize=7111 outsize=7113 ok=1
Cmd: preprocessCompute
  insize=7346 outsize=7348 ok=1
Cmd: preprocess
  insize=22484 outsize=455 ok=1
Cmd: preprocess
  insize=22293 outsize=455 ok=1
Cmd: preprocessCompute
  insize=6570 outsize=6572 ok=1
Cmd: compileComputeKernel
  api=4 insize=6572 outsize=1999 ok=1
Cmd: preprocessCompute
  insize=7111 outsize=7113 ok=1
Cmd: preprocessCompute
  insize=7346 outsize=7348 ok=1
Cmd: preprocess
  insize=22484 outsize=455 ok=1
Cmd: preprocessCompute
  insize=7111 outsize=7113 ok=1
Cmd: preprocessCompute
  insize=7346 outsize=7348 ok=1
Cmd: preprocess
  insize=22484 outsize=455 ok=1
Cmd: preprocessCompute
  insize=7111 outsize=7113 ok=1
Cmd: preprocessCompute
  insize=7346 outsize=7348 ok=1
Cmd: preprocess
  insize=22484 outsize=455 ok=1
Cmd: preprocessCompute
  insize=7111 outsize=7113 ok=1
Cmd: preprocessCompute
  insize=7346 outsize=7348 ok=1
Cmd: preprocess
  insize=22484 outsize=455 ok=1
Cmd: preprocessCompute
  insize=7111 outsize=7113 ok=1
Cmd: preprocessCompute
  insize=7346 outsize=7348 ok=1
Cmd: preprocess
  insize=22484 outsize=455 ok=1
Cmd: preprocessCompute
  insize=7111 outsize=7113 ok=1
Cmd: preprocessCompute
  insize=7346 outsize=7348 ok=1
Cmd: preprocess
  insize=22484 outsize=455 ok=1
Cmd: preprocessCompute
  insize=7111 outsize=7113 ok=1
Cmd: preprocessCompute
  insize=7346 outsize=7348 ok=1
Cmd: preprocess
  insize=22484 outsize=455 ok=1
Cmd: preprocessCompute
  insize=4622 outsize=4624 ok=1
Cmd: compileComputeKernel
  api=4 insize=4624 outsize=223 ok=1
Cmd: preprocessCompute
  insize=3482 outsize=3484 ok=1
Cmd: compileComputeKernel
  api=4 insize=3484 outsize=659 ok=1
Cmd: preprocess
  insize=16702 outsize=469 ok=1
Cmd: preprocessCompute
  insize=1893 outsize=1895 ok=1
Cmd: compileComputeKernel
  api=4 insize=1895 outsize=1006 ok=1
Cmd: preprocessCompute
  insize=7111 outsize=7113 ok=1
Cmd: preprocessCompute
  insize=7346 outsize=7348 ok=1
Cmd: preprocess
  insize=22484 outsize=455 ok=1
Cmd: preprocessCompute
  insize=4622 outsize=4624 ok=1
Cmd: preprocessCompute
  insize=3450 outsize=3452 ok=1
Cmd: compileComputeKernel
  api=4 insize=3452 outsize=223 ok=1
Cmd: preprocess
  insize=16653 outsize=456 ok=1
Cmd: preprocessCompute
  insize=7111 outsize=7113 ok=1
Cmd: preprocessCompute
  insize=7346 outsize=7348 ok=1
Cmd: preprocess
  insize=22484 outsize=455 ok=1
Cmd: preprocessCompute
  insize=4622 outsize=4624 ok=1
Cmd: preprocessCompute
  insize=3482 outsize=3484 ok=1
Cmd: preprocess
  insize=16702 outsize=469 ok=1
Cmd: preprocessCompute
  insize=1893 outsize=1895 ok=1
Cmd: preprocessCompute
  insize=7111 outsize=7113 ok=1
Cmd: preprocessCompute
  insize=7346 outsize=7348 ok=1
Cmd: preprocess
  insize=22484 outsize=455 ok=1
Cmd: preprocessCompute
  insize=4622 outsize=4624 ok=1
Cmd: preprocessCompute
  insize=3482 outsize=3484 ok=1
Cmd: preprocess
  insize=17184 outsize=469 ok=1
Cmd: preprocessCompute
  insize=1893 outsize=1895 ok=1
Cmd: preprocessCompute
  insize=7111 outsize=7113 ok=1
Cmd: preprocessCompute
  insize=7346 outsize=7348 ok=1
Cmd: preprocess
  insize=22484 outsize=455 ok=1
Cmd: preprocessCompute
  insize=7111 outsize=7113 ok=1
Cmd: preprocessCompute
  insize=7346 outsize=7348 ok=1
Cmd: preprocess
  insize=22484 outsize=455 ok=1
Cmd: preprocessCompute
  insize=7111 outsize=7113 ok=1
Cmd: preprocessCompute
  insize=7346 outsize=7348 ok=1
Cmd: preprocess
  insize=22484 outsize=455 ok=1
Cmd: preprocessCompute
  insize=4622 outsize=4624 ok=1
Cmd: preprocessCompute
  insize=3482 outsize=3484 ok=1
Cmd: preprocess
  insize=16095 outsize=469 ok=1
Cmd: preprocessCompute
  insize=1893 outsize=1895 ok=1
Cmd: preprocessCompute
  insize=7111 outsize=7113 ok=1
Cmd: preprocessCompute
  insize=7346 outsize=7348 ok=1
Cmd: preprocess
  insize=22484 outsize=455 ok=1
Cmd: preprocessCompute
  insize=7111 outsize=7113 ok=1
Cmd: preprocessCompute
  insize=7346 outsize=7348 ok=1
Cmd: preprocess
  insize=22484 outsize=455 ok=1
Cmd: preprocessCompute
  insize=4622 outsize=4624 ok=1
Cmd: preprocessCompute
  insize=3482 outsize=3484 ok=1
Cmd: preprocess
  insize=16095 outsize=469 ok=1
Cmd: preprocessCompute
  insize=1893 outsize=1895 ok=1
Cmd: preprocessCompute
  insize=7111 outsize=7113 ok=1
Cmd: preprocessCompute
  insize=7346 outsize=7348 ok=1
Cmd: preprocess
  insize=22484 outsize=455 ok=1
Cmd: preprocessCompute
  insize=4622 outsize=4624 ok=1
Cmd: preprocessCompute
  insize=3482 outsize=3484 ok=1
Cmd: preprocess
  insize=16095 outsize=469 ok=1
Cmd: preprocessCompute
  insize=1893 outsize=1895 ok=1
Cmd: preprocessCompute
  insize=7111 outsize=7113 ok=1
Cmd: preprocessCompute
  insize=7346 outsize=7348 ok=1
Cmd: preprocess
  insize=22484 outsize=455 ok=1
Cmd: preprocessCompute
  insize=4622 outsize=4624 ok=1
Cmd: preprocessCompute
  insize=3482 outsize=3484 ok=1
Cmd: preprocess
  insize=16095 outsize=469 ok=1
Cmd: preprocessCompute
  insize=1893 outsize=1895 ok=1
Cmd: preprocessCompute
  insize=7111 outsize=7113 ok=1
Cmd: preprocessCompute
  insize=7346 outsize=7348 ok=1
Cmd: preprocess
  insize=22484 outsize=455 ok=1
Cmd: preprocessCompute
  insize=4622 outsize=4624 ok=1
Cmd: preprocessCompute
  insize=3482 outsize=3484 ok=1
Cmd: preprocess
  insize=16095 outsize=469 ok=1
Cmd: preprocessCompute
  insize=1893 outsize=1895 ok=1
Cmd: preprocessCompute
  insize=4622 outsize=4624 ok=1
Cmd: preprocessCompute
  insize=3482 outsize=3484 ok=1
Cmd: preprocess
  insize=16095 outsize=469 ok=1
Cmd: preprocessCompute
  insize=1893 outsize=1895 ok=1
Cmd: preprocessCompute
  insize=4622 outsize=4624 ok=1
Cmd: preprocessCompute
  insize=3482 outsize=3484 ok=1
Cmd: preprocess
  insize=16702 outsize=469 ok=1
Cmd: preprocessCompute
  insize=1893 outsize=1895 ok=1
Cmd: preprocessCompute
  insize=4622 outsize=4624 ok=1
Cmd: preprocessCompute
  insize=3482 outsize=3484 ok=1
Cmd: preprocess
  insize=16702 outsize=469 ok=1
Cmd: preprocessCompute
  insize=1893 outsize=1895 ok=1
Cmd: preprocessCompute
  insize=5477 outsize=5479 ok=1
Cmd: compileComputeKernel
  api=4 insize=5479 outsize=1081 ok=1
Cmd: preprocessCompute
  insize=4893 outsize=4895 ok=1
Cmd: compileComputeKernel
  api=4 insize=4895 outsize=1260 ok=1
Cmd: preprocess
  insize=16778 outsize=469 ok=1
Cmd: preprocessCompute
  insize=1923 outsize=1925 ok=1
Cmd: compileComputeKernel
  api=4 insize=1925 outsize=1119 ok=1
Cmd: preprocessCompute
  insize=5477 outsize=5479 ok=1
Cmd: preprocessCompute
  insize=4893 outsize=4895 ok=1
Cmd: preprocess
  insize=17260 outsize=469 ok=1
Cmd: preprocessCompute
  insize=1923 outsize=1925 ok=1
Cmd: preprocessCompute
  insize=5477 outsize=5479 ok=1
Cmd: preprocessCompute
  insize=4893 outsize=4895 ok=1
Cmd: preprocess
  insize=17544 outsize=468 ok=1
Cmd: preprocessCompute
  insize=1923 outsize=1925 ok=1
Cmd: preprocessCompute
  insize=7111 outsize=7113 ok=1
Cmd: preprocessCompute
  insize=7346 outsize=7348 ok=1
Cmd: preprocess
  insize=22484 outsize=455 ok=1
Cmd: preprocessCompute
  insize=5477 outsize=5479 ok=1
Cmd: preprocessCompute
  insize=4893 outsize=4895 ok=1
Cmd: preprocess
  insize=17544 outsize=468 ok=1
Cmd: preprocessCompute
  insize=1923 outsize=1925 ok=1
Cmd: preprocessCompute
  insize=7111 outsize=7113 ok=1
Cmd: preprocessCompute
  insize=7346 outsize=7348 ok=1
Cmd: preprocess
  insize=22484 outsize=455 ok=1
Cmd: preprocessCompute
  insize=5477 outsize=5479 ok=1
Cmd: preprocessCompute
  insize=4861 outsize=4863 ok=1
Cmd: compileComputeKernel
  api=4 insize=4863 outsize=1154 ok=1
Cmd: preprocess
  insize=17495 outsize=456 ok=1
Cmd: preprocessCompute
  insize=7111 outsize=7113 ok=1
Cmd: preprocessCompute
  insize=7346 outsize=7348 ok=1
Cmd: preprocess
  insize=22484 outsize=455 ok=1
Cmd: preprocessCompute
  insize=5477 outsize=5479 ok=1
Cmd: preprocessCompute
  insize=4893 outsize=4895 ok=1
Cmd: preprocess
  insize=17545 outsize=464 ok=1
Cmd: preprocessCompute
  insize=1923 outsize=1925 ok=1
Cmd: preprocessCompute
  insize=7111 outsize=7113 ok=1
Cmd: preprocessCompute
  insize=7346 outsize=7348 ok=1
Cmd: preprocess
  insize=22484 outsize=455 ok=1
Cmd: preprocessCompute
  insize=5477 outsize=5479 ok=1
Cmd: preprocessCompute
  insize=4861 outsize=4863 ok=1
Cmd: preprocess
  insize=17431 outsize=427 ok=1
Cmd: preprocessCompute
  insize=7111 outsize=7113 ok=1
Cmd: preprocessCompute
  insize=7346 outsize=7348 ok=1
Cmd: preprocess
  insize=22484 outsize=455 ok=1
Cmd: preprocessCompute
  insize=5477 outsize=5479 ok=1
Cmd: preprocessCompute
  insize=4861 outsize=4863 ok=1
Cmd: preprocess
  insize=17495 outsize=456 ok=1
Cmd: preprocessCompute
  insize=7111 outsize=7113 ok=1
Cmd: preprocessCompute
  insize=7346 outsize=7348 ok=1
Cmd: preprocess
  insize=22484 outsize=455 ok=1
Cmd: preprocessCompute
  insize=5477 outsize=5479 ok=1
Cmd: preprocessCompute
  insize=4893 outsize=4895 ok=1
Cmd: preprocess
  insize=17544 outsize=468 ok=1
Cmd: preprocessCompute
  insize=1923 outsize=1925 ok=1
Cmd: preprocessCompute
  insize=7111 outsize=7113 ok=1
Cmd: preprocessCompute
  insize=7346 outsize=7348 ok=1
Cmd: preprocess
  insize=22484 outsize=455 ok=1
Cmd: preprocessCompute
  insize=5477 outsize=5479 ok=1
Cmd: preprocessCompute
  insize=4861 outsize=4863 ok=1
Cmd: preprocess
  insize=17495 outsize=456 ok=1
Cmd: preprocessCompute
  insize=7111 outsize=7113 ok=1
Cmd: preprocessCompute
  insize=7346 outsize=7348 ok=1
Cmd: preprocess
  insize=22484 outsize=455 ok=1
Cmd: preprocessCompute
  insize=5477 outsize=5479 ok=1
Cmd: preprocessCompute
  insize=4893 outsize=4895 ok=1
Cmd: preprocess
  insize=17545 outsize=464 ok=1
Cmd: preprocessCompute
  insize=1923 outsize=1925 ok=1
Cmd: preprocessCompute
  insize=7111 outsize=7113 ok=1
Cmd: preprocessCompute
  insize=7346 outsize=7348 ok=1
Cmd: preprocess
  insize=22484 outsize=455 ok=1
Cmd: preprocessCompute
  insize=5477 outsize=5479 ok=1
Cmd: preprocessCompute
  insize=4893 outsize=4895 ok=1
Cmd: preprocess
  insize=17545 outsize=464 ok=1
Cmd: preprocessCompute
  insize=1923 outsize=1925 ok=1
Cmd: preprocessCompute
  insize=7111 outsize=7113 ok=1
Cmd: preprocessCompute
  insize=7346 outsize=7348 ok=1
Cmd: preprocess
  insize=22484 outsize=455 ok=1
Cmd: preprocessCompute
  insize=5477 outsize=5479 ok=1
Cmd: preprocessCompute
  insize=4893 outsize=4895 ok=1
Cmd: preprocess
  insize=17545 outsize=464 ok=1
Cmd: preprocessCompute
  insize=1923 outsize=1925 ok=1
Cmd: preprocessCompute
  insize=6930 outsize=6932 ok=1
Cmd: compileComputeKernel
  api=4 insize=6932 outsize=2023 ok=1
Cmd: preprocessCompute
  insize=7330 outsize=7332 ok=1
Cmd: compileComputeKernel
  api=4 insize=7332 outsize=2134 ok=1
Cmd: preprocess
  insize=22539 outsize=455 ok=1
Cmd: preprocessCompute
  insize=5421 outsize=5423 ok=1
Cmd: compileComputeKernel
  api=4 insize=5423 outsize=971 ok=1
Cmd: preprocessCompute
  insize=4893 outsize=4895 ok=1
Cmd: preprocess
  insize=17487 outsize=463 ok=1
Cmd: preprocessCompute
  insize=1923 outsize=1925 ok=1
Cmd: preprocessCompute
  insize=7111 outsize=7113 ok=1
Cmd: preprocessCompute
  insize=7346 outsize=7348 ok=1
Cmd: preprocess
  insize=22486 outsize=457 ok=1
Cmd: preprocessCompute
  insize=5477 outsize=5479 ok=1
Cmd: preprocessCompute
  insize=4893 outsize=4895 ok=1
Cmd: preprocess
  insize=17547 outsize=466 ok=1
Cmd: preprocessCompute
  insize=1923 outsize=1925 ok=1
Cmd: preprocessCompute
  insize=7111 outsize=7113 ok=1
Cmd: preprocessCompute
  insize=7346 outsize=7348 ok=1
Cmd: preprocess
  insize=22484 outsize=455 ok=1
Cmd: preprocessCompute
  insize=5477 outsize=5479 ok=1
Cmd: preprocessCompute
  insize=4893 outsize=4895 ok=1
Cmd: preprocess
  insize=17545 outsize=464 ok=1
Cmd: preprocessCompute
  insize=1923 outsize=1925 ok=1
Cmd: preprocessCompute
  insize=7113 outsize=7115 ok=1
Cmd: compileComputeKernel
  api=4 insize=7115 outsize=2378 ok=1
Cmd: preprocessCompute
  insize=7386 outsize=7388 ok=1
Cmd: compileComputeKernel
  api=4 insize=7388 outsize=2297 ok=1
Cmd: preprocess
  insize=22554 outsize=455 ok=1
Cmd: preprocessCompute
  insize=5477 outsize=5479 ok=1
Cmd: preprocessCompute
  insize=4893 outsize=4895 ok=1
Cmd: preprocess
  insize=17545 outsize=464 ok=1
Cmd: preprocessCompute
  insize=1967 outsize=1969 ok=1
Cmd: compileComputeKernel
  api=4 insize=1969 outsize=1398 ok=1
Cmd: preprocessCompute
  insize=1923 outsize=1925 ok=1
Cmd: preprocessCompute
  insize=7116 outsize=7118 ok=1
Cmd: compileComputeKernel
  api=4 insize=7118 outsize=2594 ok=1
Cmd: preprocessCompute
  insize=7386 outsize=7388 ok=1
Cmd: preprocess
  insize=22554 outsize=455 ok=1
Cmd: preprocessCompute
  insize=5477 outsize=5479 ok=1
Cmd: preprocessCompute
  insize=4893 outsize=4895 ok=1
Cmd: preprocess
  insize=17545 outsize=464 ok=1
Cmd: preprocessCompute
  insize=1967 outsize=1969 ok=1
Cmd: preprocessCompute
  insize=1923 outsize=1925 ok=1
Cmd: preprocessCompute
  insize=7113 outsize=7115 ok=1
Cmd: preprocessCompute
  insize=7386 outsize=7388 ok=1
Cmd: preprocess
  insize=22554 outsize=455 ok=1
Cmd: preprocessCompute
  insize=5477 outsize=5479 ok=1
Cmd: preprocessCompute
  insize=4893 outsize=4895 ok=1
Cmd: preprocess
  insize=17545 outsize=464 ok=1
Cmd: preprocessCompute
  insize=1967 outsize=1969 ok=1
Cmd: preprocessCompute
  insize=1923 outsize=1925 ok=1
Cmd: preprocessCompute
  insize=7113 outsize=7115 ok=1
Cmd: preprocessCompute
  insize=7386 outsize=7388 ok=1
Cmd: preprocess
  insize=22554 outsize=455 ok=1
Cmd: preprocessCompute
  insize=5643 outsize=5645 ok=1
Cmd: compileComputeKernel
  api=4 insize=5645 outsize=1501 ok=1
Cmd: preprocessCompute
  insize=4893 outsize=4895 ok=1
Cmd: compileComputeKernel
  api=4 insize=4895 outsize=1260 ok=1
Cmd: preprocess
  insize=18698 outsize=464 ok=1
Cmd: preprocessCompute
  insize=1967 outsize=1969 ok=1
Cmd: preprocessCompute
  insize=1923 outsize=1925 ok=1
Cmd: preprocessCompute
  insize=7113 outsize=7115 ok=1
Cmd: preprocessCompute
  insize=7386 outsize=7388 ok=1
Cmd: preprocess
  insize=22554 outsize=455 ok=1
Cmd: preprocessCompute
  insize=5643 outsize=5645 ok=1
Cmd: preprocessCompute
  insize=4893 outsize=4895 ok=1
Cmd: preprocess
  insize=18160 outsize=464 ok=1
Cmd: preprocessCompute
  insize=1967 outsize=1969 ok=1
Cmd: preprocessCompute
  insize=1923 outsize=1925 ok=1
Cmd: preprocessCompute
  insize=7113 outsize=7115 ok=1
Cmd: preprocessCompute
  insize=7386 outsize=7388 ok=1
Cmd: preprocess
  insize=22554 outsize=455 ok=1
Cmd: preprocessCompute
  insize=5643 outsize=5645 ok=1
Cmd: preprocessCompute
  insize=4893 outsize=4895 ok=1
Cmd: preprocess
  insize=18698 outsize=464 ok=1
Cmd: preprocessCompute
  insize=1967 outsize=1969 ok=1
Cmd: preprocessCompute
  insize=1923 outsize=1925 ok=1
Cmd: preprocessCompute
  insize=7113 outsize=7115 ok=1
Cmd: preprocessCompute
  insize=7386 outsize=7388 ok=1
Cmd: preprocess
  insize=22554 outsize=455 ok=1
Cmd: preprocessCompute
  insize=5643 outsize=5645 ok=1
Cmd: preprocessCompute
  insize=4893 outsize=4895 ok=1
Cmd: preprocess
  insize=19127 outsize=464 ok=1
Cmd: preprocessCompute
  insize=1967 outsize=1969 ok=1
Cmd: preprocessCompute
  insize=1923 outsize=1925 ok=1
Cmd: preprocessCompute
  insize=7113 outsize=7115 ok=1
Cmd: preprocessCompute
  insize=7386 outsize=7388 ok=1
Cmd: preprocess
  insize=22554 outsize=455 ok=1
Cmd: preprocessCompute
  insize=5643 outsize=5645 ok=1
Cmd: preprocessCompute
  insize=4893 outsize=4895 ok=1
Cmd: preprocess
  insize=19127 outsize=464 ok=1
Cmd: preprocessCompute
  insize=1967 outsize=1969 ok=1
Cmd: preprocessCompute
  insize=1923 outsize=1925 ok=1
Cmd: preprocessCompute
  insize=7113 outsize=7115 ok=1
Cmd: preprocessCompute
  insize=7386 outsize=7388 ok=1
Cmd: preprocess
  insize=22554 outsize=455 ok=1
Cmd: preprocessCompute
  insize=5643 outsize=5645 ok=1
Cmd: preprocessCompute
  insize=4893 outsize=4895 ok=1
Cmd: preprocess
  insize=18698 outsize=464 ok=1
Cmd: preprocessCompute
  insize=1967 outsize=1969 ok=1
Cmd: preprocessCompute
  insize=1923 outsize=1925 ok=1
Cmd: preprocessCompute
  insize=7113 outsize=7115 ok=1
Cmd: preprocessCompute
  insize=7386 outsize=7388 ok=1
Cmd: preprocess
  insize=22554 outsize=455 ok=1
Cmd: preprocessCompute
  insize=5477 outsize=5479 ok=1
Cmd: preprocessCompute
  insize=4893 outsize=4895 ok=1
Cmd: preprocess
  insize=17545 outsize=464 ok=1
Cmd: preprocessCompute
  insize=1967 outsize=1969 ok=1
Cmd: preprocessCompute
  insize=1923 outsize=1925 ok=1
Cmd: preprocessCompute
  insize=7113 outsize=7115 ok=1
Cmd: preprocessCompute
  insize=7386 outsize=7388 ok=1
Cmd: preprocess
  insize=22554 outsize=455 ok=1
Cmd: preprocessCompute
  insize=5477 outsize=5479 ok=1
Cmd: preprocessCompute
  insize=4893 outsize=4895 ok=1
Cmd: preprocess
  insize=17578 outsize=464 ok=1
Cmd: preprocessCompute
  insize=1967 outsize=1969 ok=1
Cmd: preprocessCompute
  insize=1923 outsize=1925 ok=1
Cmd: preprocessCompute
  insize=7113 outsize=7115 ok=1
Cmd: preprocessCompute
  insize=7386 outsize=7388 ok=1
Cmd: preprocess
  insize=22554 outsize=455 ok=1
Cmd: preprocessCompute
  insize=5477 outsize=5479 ok=1
Cmd: preprocessCompute
  insize=4893 outsize=4895 ok=1
Cmd: preprocess
  insize=17545 outsize=464 ok=1
Cmd: preprocessCompute
  insize=1967 outsize=1969 ok=1
Cmd: preprocessCompute
  insize=1923 outsize=1925 ok=1
Cmd: preprocessCompute
  insize=7113 outsize=7115 ok=1
Cmd: preprocessCompute
  insize=7386 outsize=7388 ok=1
Cmd: preprocess
  insize=22554 outsize=455 ok=1
Cmd: preprocessCompute
  insize=8074 outsize=8076 ok=1
Cmd: compileComputeKernel
  api=4 insize=8076 outsize=2276 ok=1
Cmd: preprocessCompute
  insize=4901 outsize=4903 ok=1
Cmd: compileComputeKernel
  api=4 insize=4903 outsize=1260 ok=1
Cmd: preprocess
  insize=17629 outsize=464 ok=1
Cmd: preprocessCompute
  insize=1967 outsize=1969 ok=1
Cmd: preprocessCompute
  insize=1964 outsize=1966 ok=1
Cmd: compileComputeKernel
  api=4 insize=1966 outsize=1398 ok=1
Cmd: preprocessCompute
  insize=7113 outsize=7115 ok=1
Cmd: preprocessCompute
  insize=7386 outsize=7388 ok=1
Cmd: preprocess
  insize=22554 outsize=455 ok=1
Cmd: preprocessCompute
  insize=5477 outsize=5479 ok=1
Cmd: preprocessCompute
  insize=4893 outsize=4895 ok=1
Cmd: preprocess
  insize=17545 outsize=464 ok=1
Cmd: preprocessCompute
  insize=1967 outsize=1969 ok=1
Cmd: preprocessCompute
  insize=1923 outsize=1925 ok=1
Cmd: preprocessCompute
  insize=7111 outsize=7113 ok=1
Cmd: preprocessCompute
  insize=7346 outsize=7348 ok=1
Cmd: preprocess
  insize=22484 outsize=455 ok=1
Cmd: preprocessCompute
  insize=5477 outsize=5479 ok=1
Cmd: preprocessCompute
  insize=4893 outsize=4895 ok=1
Cmd: preprocess
  insize=17545 outsize=464 ok=1
Cmd: preprocessCompute
  insize=1923 outsize=1925 ok=1
Cmd: preprocessCompute
  insize=7111 outsize=7113 ok=1
Cmd: preprocessCompute
  insize=7346 outsize=7348 ok=1
Cmd: preprocess
  insize=22484 outsize=455 ok=1
Cmd: preprocessCompute
  insize=5477 outsize=5479 ok=1
Cmd: preprocessCompute
  insize=4893 outsize=4895 ok=1
Cmd: preprocess
  insize=17545 outsize=464 ok=1
Cmd: preprocessCompute
  insize=1923 outsize=1925 ok=1
Cmd: preprocessCompute
  insize=7111 outsize=7113 ok=1
Cmd: preprocessCompute
  insize=7346 outsize=7348 ok=1
Cmd: preprocess
  insize=22484 outsize=455 ok=1
Cmd: preprocessCompute
  insize=5477 outsize=5479 ok=1
Cmd: preprocessCompute
  insize=4893 outsize=4895 ok=1
Cmd: preprocess
  insize=17545 outsize=464 ok=1
Cmd: preprocessCompute
  insize=1923 outsize=1925 ok=1
Cmd: preprocessCompute
  insize=6930 outsize=6932 ok=1
Cmd: preprocessCompute
  insize=7330 outsize=7332 ok=1
Cmd: preprocess
  insize=22539 outsize=455 ok=1
Cmd: preprocessCompute
  insize=5421 outsize=5423 ok=1
Cmd: preprocessCompute
  insize=4893 outsize=4895 ok=1
Cmd: preprocess
  insize=17487 outsize=463 ok=1
Cmd: preprocessCompute
  insize=1923 outsize=1925 ok=1
Cmd: preprocessCompute
  insize=6930 outsize=6932 ok=1
Cmd: preprocessCompute
  insize=7330 outsize=7332 ok=1
Cmd: preprocess
  insize=22539 outsize=455 ok=1
Cmd: preprocessCompute
  insize=5421 outsize=5423 ok=1
Cmd: preprocessCompute
  insize=4893 outsize=4895 ok=1
Cmd: preprocess
  insize=17487 outsize=463 ok=1
Cmd: preprocessCompute
  insize=1923 outsize=1925 ok=1
